<?xml version="1.0" encoding="UTF-8"?>
<robot generator="Robot 4.1.1 (Python 3.9.7 on win32)" generated="20211031 20:48:45.366" rpa="false" schemaversion="2">
<suite id="s1" name="CDMS-04-03-19" source="C:\Users\pee20\OneDrive\เดสก์ท็อป\โฟลเดอร์ใหม่ (3)\Automated\CDMS-04-03-19.robot">
<test id="s1-t1" name="Case CDMS-04-03-19">
<kw name="Open Browser" library="Selenium2Library">
<arg>http://localhost/code_team4/public/Agent_show/agent_show_ajax</arg>
<arg>chrome</arg>
<doc>Opens a new browser instance to the optional ``url``.</doc>
<msg timestamp="20211031 20:48:45.568" level="INFO">Opening browser 'chrome' to base url 'http://localhost/code_team4/public/Agent_show/agent_show_ajax'.</msg>
<status status="PASS" starttime="20211031 20:48:45.568" endtime="20211031 20:48:51.035"/>
</kw>
<kw name="Sleep" library="BuiltIn">
<arg>1s</arg>
<doc>Pauses the test executed for the given time.</doc>
<msg timestamp="20211031 20:48:52.044" level="INFO">Slept 1 second</msg>
<status status="PASS" starttime="20211031 20:48:51.035" endtime="20211031 20:48:52.044"/>
</kw>
<kw name="add_agent_duplicate_agn_tax">
<kw name="Click Element" library="Selenium2Library">
<arg>xpath=//*[@id="Agent_list_table_filter"]/a</arg>
<doc>Click the element identified by ``locator``.</doc>
<msg timestamp="20211031 20:48:52.045" level="INFO">Clicking element 'xpath=//*[@id="Agent_list_table_filter"]/a'.</msg>
<status status="PASS" starttime="20211031 20:48:52.045" endtime="20211031 20:48:52.409"/>
</kw>
<kw name="Sleep" library="BuiltIn">
<arg>1s</arg>
<doc>Pauses the test executed for the given time.</doc>
<msg timestamp="20211031 20:48:53.414" level="INFO">Slept 1 second</msg>
<status status="PASS" starttime="20211031 20:48:52.410" endtime="20211031 20:48:53.414"/>
</kw>
<kw name="Input Text" library="Selenium2Library">
<arg>name=agn_company_name</arg>
<arg>${agn_company_name}</arg>
<doc>Types the given ``text`` into the text field identified by ``locator``.</doc>
<msg timestamp="20211031 20:48:53.414" level="INFO">Typing text 'ร่ำรวย จำกัด4' into text field 'name=agn_company_name'.</msg>
<status status="PASS" starttime="20211031 20:48:53.414" endtime="20211031 20:48:53.495"/>
</kw>
<kw name="Input Text" library="Selenium2Library">
<arg>name=agn_tax</arg>
<arg>${agn_tax}</arg>
<doc>Types the given ``text`` into the text field identified by ``locator``.</doc>
<msg timestamp="20211031 20:48:53.496" level="INFO">Typing text '1234567890123' into text field 'name=agn_tax'.</msg>
<status status="PASS" starttime="20211031 20:48:53.495" endtime="20211031 20:48:53.570"/>
</kw>
<kw name="Input Text" library="Selenium2Library">
<arg>name=agn_address</arg>
<arg>${agn_address}</arg>
<doc>Types the given ``text`` into the text field identified by ``locator``.</doc>
<msg timestamp="20211031 20:48:53.571" level="INFO">Typing text '111/1 ต.แสนสุข อ.เมืองชลบุรี จ.ชลบุรี' into text field 'name=agn_address'.</msg>
<status status="PASS" starttime="20211031 20:48:53.570" endtime="20211031 20:48:53.654"/>
</kw>
<kw name="Input Text" library="Selenium2Library">
<arg>name=agn_firstname</arg>
<arg>${agn_firstname}</arg>
<doc>Types the given ``text`` into the text field identified by ``locator``.</doc>
<msg timestamp="20211031 20:48:53.655" level="INFO">Typing text 'ขยัน' into text field 'name=agn_firstname'.</msg>
<status status="PASS" starttime="20211031 20:48:53.655" endtime="20211031 20:48:53.723"/>
</kw>
<kw name="Input Text" library="Selenium2Library">
<arg>name=agn_lastname</arg>
<arg>${agn_lastname}</arg>
<doc>Types the given ``text`` into the text field identified by ``locator``.</doc>
<msg timestamp="20211031 20:48:53.723" level="INFO">Typing text 'หมั่นเพียร' into text field 'name=agn_lastname'.</msg>
<status status="PASS" starttime="20211031 20:48:53.723" endtime="20211031 20:48:53.798"/>
</kw>
<kw name="Input Text" library="Selenium2Library">
<arg>name=agn_tel</arg>
<arg>${agn_tel}</arg>
<doc>Types the given ``text`` into the text field identified by ``locator``.</doc>
<msg timestamp="20211031 20:48:53.799" level="INFO">Typing text '0812345678' into text field 'name=agn_tel'.</msg>
<status status="PASS" starttime="20211031 20:48:53.798" endtime="20211031 20:48:53.884"/>
</kw>
<kw name="Input Text" library="Selenium2Library">
<arg>name=agn_email</arg>
<arg>${agn_email}</arg>
<doc>Types the given ``text`` into the text field identified by ``locator``.</doc>
<msg timestamp="20211031 20:48:53.884" level="INFO">Typing text 'kayan@gmail.com' into text field 'name=agn_email'.</msg>
<status status="PASS" starttime="20211031 20:48:53.884" endtime="20211031 20:48:53.960"/>
</kw>
<kw name="Click Button" library="Selenium2Library">
<arg>class=positive</arg>
<doc>Clicks the button identified by ``locator``.</doc>
<msg timestamp="20211031 20:48:53.960" level="INFO">Clicking button 'class=positive'.</msg>
<status status="PASS" starttime="20211031 20:48:53.960" endtime="20211031 20:48:54.584"/>
</kw>
<status status="PASS" starttime="20211031 20:48:52.044" endtime="20211031 20:48:54.584"/>
</kw>
<kw name="Element Text Should Be" library="Selenium2Library">
<arg>//*[@id="agent_section"]/div[2]/div[1]/div[4]/label</arg>
<arg>Duplicate other agent</arg>
<doc>Verifies that element ``locator`` contains exact the text ``expected``.</doc>
<msg timestamp="20211031 20:48:54.585" level="INFO">Verifying element '//*[@id="agent_section"]/div[2]/div[1]/div[4]/label' contains exact text 'Duplicate other agent'.</msg>
<kw name="Capture Page Screenshot" library="Selenium2Library">
<doc>Takes a screenshot of the current page and embeds it into a log file.</doc>
<msg timestamp="20211031 20:48:54.702" level="INFO" html="true">&lt;/td&gt;&lt;/tr&gt;&lt;tr&gt;&lt;td colspan="3"&gt;&lt;a href="selenium-screenshot-1.png"&gt;&lt;img src="selenium-screenshot-1.png" width="800px"&gt;&lt;/a&gt;</msg>
<status status="PASS" starttime="20211031 20:48:54.601" endtime="20211031 20:48:54.702"/>
</kw>
<msg timestamp="20211031 20:48:54.742" level="FAIL">Element with locator '//*[@id="agent_section"]/div[2]/div[1]/div[4]/label' not found.</msg>
<status status="FAIL" starttime="20211031 20:48:54.585" endtime="20211031 20:48:54.742"/>
</kw>
<kw name="Sleep" library="BuiltIn">
<arg>1s</arg>
<doc>Pauses the test executed for the given time.</doc>
<status status="NOT RUN" starttime="20211031 20:48:54.743" endtime="20211031 20:48:54.743"/>
</kw>
<status status="FAIL" starttime="20211031 20:48:45.567" endtime="20211031 20:48:54.743">Element with locator '//*[@id="agent_section"]/div[2]/div[1]/div[4]/label' not found.</status>
</test>
<status status="FAIL" starttime="20211031 20:48:45.369" endtime="20211031 20:48:54.745"/>
</suite>
<statistics>
<total>
<stat pass="0" fail="1" skip="0">All Tests</stat>
</total>
<tag>
</tag>
<suite>
<stat pass="0" fail="1" skip="0" id="s1" name="CDMS-04-03-19">CDMS-04-03-19</stat>
</suite>
</statistics>
<errors>
</errors>
</robot>
