<?xml version="1.0" encoding="UTF-8"?>
<robot generator="Robot 4.1.1 (Python 3.9.7 on win32)" generated="20211025 22:45:43.169" rpa="false" schemaversion="2">
<suite id="s1" name="CDMS-04-03-08" source="C:\Users\pee20\OneDrive\เดสก์ท็อป\โฟลเดอร์ใหม่ (2)\ไฟล์ Robot\CDMS-04-03-08.robot">
<test id="s1-t1" name="Case CDMS-04-03-08">
<kw name="Open Browser" library="Selenium2Library">
<arg>http://localhost/code_team4/public/Agent_show/agent_show_ajax</arg>
<arg>chrome</arg>
<doc>Opens a new browser instance to the optional ``url``.</doc>
<msg timestamp="20211025 22:45:43.381" level="INFO">Opening browser 'chrome' to base url 'http://localhost/code_team4/public/Agent_show/agent_show_ajax'.</msg>
<status status="PASS" starttime="20211025 22:45:43.381" endtime="20211025 22:45:49.091"/>
</kw>
<kw name="Sleep" library="BuiltIn">
<arg>1s</arg>
<doc>Pauses the test executed for the given time.</doc>
<msg timestamp="20211025 22:45:50.102" level="INFO">Slept 1 second</msg>
<status status="PASS" starttime="20211025 22:45:49.092" endtime="20211025 22:45:50.102"/>
</kw>
<kw name="add_agent_agn_company__name_exist">
<kw name="Click Element" library="Selenium2Library">
<arg>xpath=//*[@id="Agent_list_table_filter"]/a</arg>
<doc>Click the element identified by ``locator``.</doc>
<msg timestamp="20211025 22:45:50.103" level="INFO">Clicking element 'xpath=//*[@id="Agent_list_table_filter"]/a'.</msg>
<status status="PASS" starttime="20211025 22:45:50.103" endtime="20211025 22:45:50.643"/>
</kw>
<kw name="Sleep" library="BuiltIn">
<arg>1s</arg>
<doc>Pauses the test executed for the given time.</doc>
<msg timestamp="20211025 22:45:51.657" level="INFO">Slept 1 second</msg>
<status status="PASS" starttime="20211025 22:45:50.644" endtime="20211025 22:45:51.657"/>
</kw>
<kw name="Input Text" library="Selenium2Library">
<arg>name=agn_company_name</arg>
<arg>${agn_company_name}</arg>
<doc>Types the given ``text`` into the text field identified by ``locator``.</doc>
<msg timestamp="20211025 22:45:51.657" level="INFO">Typing text 'เนคเทค' into text field 'name=agn_company_name'.</msg>
<status status="PASS" starttime="20211025 22:45:51.657" endtime="20211025 22:45:51.733"/>
</kw>
<kw name="Input Text" library="Selenium2Library">
<arg>name=agn_tax</arg>
<arg>${agn_tax}</arg>
<doc>Types the given ``text`` into the text field identified by ``locator``.</doc>
<msg timestamp="20211025 22:45:51.733" level="INFO">Typing text '1234567890123' into text field 'name=agn_tax'.</msg>
<status status="PASS" starttime="20211025 22:45:51.733" endtime="20211025 22:45:51.810"/>
</kw>
<kw name="Input Text" library="Selenium2Library">
<arg>name=agn_address</arg>
<arg>${agn_address}</arg>
<doc>Types the given ``text`` into the text field identified by ``locator``.</doc>
<msg timestamp="20211025 22:45:51.811" level="INFO">Typing text '68/1 ตำบลอ่างศิลา อำเภอเมืองชลบุรี จังหวัดชลบุรี 20000' into text field 'name=agn_address'.</msg>
<status status="PASS" starttime="20211025 22:45:51.810" endtime="20211025 22:45:51.908"/>
</kw>
<kw name="Input Text" library="Selenium2Library">
<arg>name=agn_firstname</arg>
<arg>${agn_firstname}</arg>
<doc>Types the given ``text`` into the text field identified by ``locator``.</doc>
<msg timestamp="20211025 22:45:51.908" level="INFO">Typing text 'อัศวิน' into text field 'name=agn_firstname'.</msg>
<status status="PASS" starttime="20211025 22:45:51.908" endtime="20211025 22:45:51.978"/>
</kw>
<kw name="Input Text" library="Selenium2Library">
<arg>name=agn_lastname</arg>
<arg>${agn_lastname}</arg>
<doc>Types the given ``text`` into the text field identified by ``locator``.</doc>
<msg timestamp="20211025 22:45:51.979" level="INFO">Typing text 'วงศ์สว่าง' into text field 'name=agn_lastname'.</msg>
<status status="PASS" starttime="20211025 22:45:51.979" endtime="20211025 22:45:52.057"/>
</kw>
<kw name="Input Text" library="Selenium2Library">
<arg>name=agn_tel</arg>
<arg>${agn_tel}</arg>
<doc>Types the given ``text`` into the text field identified by ``locator``.</doc>
<msg timestamp="20211025 22:45:52.057" level="INFO">Typing text '0908889888' into text field 'name=agn_tel'.</msg>
<status status="PASS" starttime="20211025 22:45:52.057" endtime="20211025 22:45:52.140"/>
</kw>
<kw name="Input Text" library="Selenium2Library">
<arg>name=agn_email</arg>
<arg>${agn_email}</arg>
<doc>Types the given ``text`` into the text field identified by ``locator``.</doc>
<msg timestamp="20211025 22:45:52.140" level="INFO">Typing text 'asawin@nectec.com' into text field 'name=agn_email'.</msg>
<status status="PASS" starttime="20211025 22:45:52.140" endtime="20211025 22:45:52.221"/>
</kw>
<kw name="Click Button" library="Selenium2Library">
<arg>class=positive</arg>
<doc>Clicks the button identified by ``locator``.</doc>
<msg timestamp="20211025 22:45:52.221" level="INFO">Clicking button 'class=positive'.</msg>
<status status="PASS" starttime="20211025 22:45:52.221" endtime="20211025 22:45:52.726"/>
</kw>
<status status="PASS" starttime="20211025 22:45:50.103" endtime="20211025 22:45:52.727"/>
</kw>
<kw name="Element Text Should Be" library="Selenium2Library">
<arg>//*[@id="agent_section"]/div[2]/div[1]/div[2]/label</arg>
<arg>The agent has already used</arg>
<doc>Verifies that element ``locator`` contains exact the text ``expected``.</doc>
<msg timestamp="20211025 22:45:52.729" level="INFO">Verifying element '//*[@id="agent_section"]/div[2]/div[1]/div[2]/label' contains exact text 'The agent has already used'.</msg>
<status status="PASS" starttime="20211025 22:45:52.728" endtime="20211025 22:45:52.755"/>
</kw>
<kw name="Sleep" library="BuiltIn">
<arg>1s</arg>
<doc>Pauses the test executed for the given time.</doc>
<msg timestamp="20211025 22:45:53.767" level="INFO">Slept 1 second</msg>
<status status="PASS" starttime="20211025 22:45:52.756" endtime="20211025 22:45:53.767"/>
</kw>
<status status="PASS" starttime="20211025 22:45:43.380" endtime="20211025 22:45:53.767"/>
</test>
<status status="PASS" starttime="20211025 22:45:43.171" endtime="20211025 22:45:53.769"/>
</suite>
<statistics>
<total>
<stat pass="1" fail="0" skip="0">All Tests</stat>
</total>
<tag>
</tag>
<suite>
<stat pass="1" fail="0" skip="0" id="s1" name="CDMS-04-03-08">CDMS-04-03-08</stat>
</suite>
</statistics>
<errors>
</errors>
</robot>
