<?xml version="1.0" encoding="UTF-8"?>
<robot generator="Robot 4.1.1 (Python 3.9.7 on win32)" generated="20211025 23:29:18.139" rpa="false" schemaversion="2">
<suite id="s1" name="CDMS-04-03-16" source="C:\Users\pee20\OneDrive\เดสก์ท็อป\โฟลเดอร์ใหม่ (2)\ไฟล์ Robot\CDMS-04-03-16.robot">
<test id="s1-t1" name="Case CDMS-04-03-16">
<kw name="Open Browser" library="Selenium2Library">
<arg>http://localhost/code_team4/public/Agent_show/agent_show_ajax</arg>
<arg>chrome</arg>
<doc>Opens a new browser instance to the optional ``url``.</doc>
<msg timestamp="20211025 23:29:18.337" level="INFO">Opening browser 'chrome' to base url 'http://localhost/code_team4/public/Agent_show/agent_show_ajax'.</msg>
<status status="PASS" starttime="20211025 23:29:18.337" endtime="20211025 23:29:23.847"/>
</kw>
<kw name="Sleep" library="BuiltIn">
<arg>1s</arg>
<doc>Pauses the test executed for the given time.</doc>
<msg timestamp="20211025 23:29:24.859" level="INFO">Slept 1 second</msg>
<status status="PASS" starttime="20211025 23:29:23.847" endtime="20211025 23:29:24.859"/>
</kw>
<kw name="add_agent_agn_tax_length_12">
<kw name="Click Element" library="Selenium2Library">
<arg>xpath=//*[@id="Agent_list_table_filter"]/a</arg>
<doc>Click the element identified by ``locator``.</doc>
<msg timestamp="20211025 23:29:24.860" level="INFO">Clicking element 'xpath=//*[@id="Agent_list_table_filter"]/a'.</msg>
<status status="PASS" starttime="20211025 23:29:24.860" endtime="20211025 23:29:25.344"/>
</kw>
<kw name="Sleep" library="BuiltIn">
<arg>1s</arg>
<doc>Pauses the test executed for the given time.</doc>
<msg timestamp="20211025 23:29:26.344" level="INFO">Slept 1 second</msg>
<status status="PASS" starttime="20211025 23:29:25.344" endtime="20211025 23:29:26.344"/>
</kw>
<kw name="Input Text" library="Selenium2Library">
<arg>name=agn_company_name</arg>
<arg>${agn_company_name}</arg>
<doc>Types the given ``text`` into the text field identified by ``locator``.</doc>
<msg timestamp="20211025 23:29:26.344" level="INFO">Typing text 'ร่ำรวย จำกัด' into text field 'name=agn_company_name'.</msg>
<status status="PASS" starttime="20211025 23:29:26.344" endtime="20211025 23:29:26.425"/>
</kw>
<kw name="Input Text" library="Selenium2Library">
<arg>name=agn_tax</arg>
<arg>${agn_tax}</arg>
<doc>Types the given ``text`` into the text field identified by ``locator``.</doc>
<msg timestamp="20211025 23:29:26.426" level="INFO">Typing text '123456789012' into text field 'name=agn_tax'.</msg>
<status status="PASS" starttime="20211025 23:29:26.426" endtime="20211025 23:29:26.515"/>
</kw>
<kw name="Input Text" library="Selenium2Library">
<arg>name=agn_address</arg>
<arg>${agn_address}</arg>
<doc>Types the given ``text`` into the text field identified by ``locator``.</doc>
<msg timestamp="20211025 23:29:26.515" level="INFO">Typing text '111/1 ต.แสนสุข อ.เมืองชลบุรี จ.ชลบุรี' into text field 'name=agn_address'.</msg>
<status status="PASS" starttime="20211025 23:29:26.515" endtime="20211025 23:29:26.663"/>
</kw>
<kw name="Input Text" library="Selenium2Library">
<arg>name=agn_firstname</arg>
<arg>${agn_firstname}</arg>
<doc>Types the given ``text`` into the text field identified by ``locator``.</doc>
<msg timestamp="20211025 23:29:26.663" level="INFO">Typing text 'ขยัน' into text field 'name=agn_firstname'.</msg>
<status status="PASS" starttime="20211025 23:29:26.663" endtime="20211025 23:29:26.743"/>
</kw>
<kw name="Input Text" library="Selenium2Library">
<arg>name=agn_lastname</arg>
<arg>${agn_lastname}</arg>
<doc>Types the given ``text`` into the text field identified by ``locator``.</doc>
<msg timestamp="20211025 23:29:26.743" level="INFO">Typing text 'หมั่นเพียร' into text field 'name=agn_lastname'.</msg>
<status status="PASS" starttime="20211025 23:29:26.743" endtime="20211025 23:29:26.835"/>
</kw>
<kw name="Input Text" library="Selenium2Library">
<arg>name=agn_tel</arg>
<arg>${agn_tel}</arg>
<doc>Types the given ``text`` into the text field identified by ``locator``.</doc>
<msg timestamp="20211025 23:29:26.835" level="INFO">Typing text '0908889888' into text field 'name=agn_tel'.</msg>
<status status="PASS" starttime="20211025 23:29:26.835" endtime="20211025 23:29:26.902"/>
</kw>
<kw name="Input Text" library="Selenium2Library">
<arg>name=agn_email</arg>
<arg>${agn_email}</arg>
<doc>Types the given ``text`` into the text field identified by ``locator``.</doc>
<msg timestamp="20211025 23:29:26.903" level="INFO">Typing text 'kayan@gmail.com' into text field 'name=agn_email'.</msg>
<status status="PASS" starttime="20211025 23:29:26.903" endtime="20211025 23:29:26.985"/>
</kw>
<kw name="Click Button" library="Selenium2Library">
<arg>class=positive</arg>
<doc>Clicks the button identified by ``locator``.</doc>
<msg timestamp="20211025 23:29:26.986" level="INFO">Clicking button 'class=positive'.</msg>
<status status="PASS" starttime="20211025 23:29:26.985" endtime="20211025 23:29:27.059"/>
</kw>
<status status="PASS" starttime="20211025 23:29:24.859" endtime="20211025 23:29:27.059"/>
</kw>
<kw name="Element Text Should Be" library="Selenium2Library">
<arg>//*[@id="agent_section"]/div[2]/div[1]/div[4]/label</arg>
<arg>Please enter 13 digit long</arg>
<doc>Verifies that element ``locator`` contains exact the text ``expected``.</doc>
<msg timestamp="20211025 23:29:27.060" level="INFO">Verifying element '//*[@id="agent_section"]/div[2]/div[1]/div[4]/label' contains exact text 'Please enter 13 digit long'.</msg>
<status status="PASS" starttime="20211025 23:29:27.060" endtime="20211025 23:29:27.083"/>
</kw>
<kw name="Sleep" library="BuiltIn">
<arg>1s</arg>
<doc>Pauses the test executed for the given time.</doc>
<msg timestamp="20211025 23:29:28.085" level="INFO">Slept 1 second</msg>
<status status="PASS" starttime="20211025 23:29:27.084" endtime="20211025 23:29:28.085"/>
</kw>
<status status="PASS" starttime="20211025 23:29:18.336" endtime="20211025 23:29:28.085"/>
</test>
<status status="PASS" starttime="20211025 23:29:18.140" endtime="20211025 23:29:28.088"/>
</suite>
<statistics>
<total>
<stat pass="1" fail="0" skip="0">All Tests</stat>
</total>
<tag>
</tag>
<suite>
<stat pass="1" fail="0" skip="0" id="s1" name="CDMS-04-03-16">CDMS-04-03-16</stat>
</suite>
</statistics>
<errors>
</errors>
</robot>
