<?xml version="1.0" encoding="UTF-8"?>
<robot generator="Robot 4.1.1 (Python 3.9.7 on win32)" generated="20211031 21:34:05.782" rpa="false" schemaversion="2">
<suite id="s1" name="CDMS-04-03-27" source="C:\Users\pee20\OneDrive\เดสก์ท็อป\โฟลเดอร์ใหม่ (3)\Automated\CDMS-04-03-27.robot">
<test id="s1-t1" name="Case CDMS-04-03-27">
<kw name="Open Browser" library="Selenium2Library">
<arg>http://localhost/code_team4/public/Agent_show/agent_show_ajax</arg>
<arg>chrome</arg>
<doc>Opens a new browser instance to the optional ``url``.</doc>
<msg timestamp="20211031 21:34:05.984" level="INFO">Opening browser 'chrome' to base url 'http://localhost/code_team4/public/Agent_show/agent_show_ajax'.</msg>
<status status="PASS" starttime="20211031 21:34:05.984" endtime="20211031 21:34:11.505"/>
</kw>
<kw name="Sleep" library="BuiltIn">
<arg>1s</arg>
<doc>Pauses the test executed for the given time.</doc>
<msg timestamp="20211031 21:34:12.517" level="INFO">Slept 1 second</msg>
<status status="PASS" starttime="20211031 21:34:11.506" endtime="20211031 21:34:12.517"/>
</kw>
<kw name="add_agent_wrong_agn_lastname_format">
<kw name="Click Element" library="Selenium2Library">
<arg>xpath=//*[@id="Agent_list_table_filter"]/a</arg>
<doc>Click the element identified by ``locator``.</doc>
<msg timestamp="20211031 21:34:12.518" level="INFO">Clicking element 'xpath=//*[@id="Agent_list_table_filter"]/a'.</msg>
<status status="PASS" starttime="20211031 21:34:12.518" endtime="20211031 21:34:13.017"/>
</kw>
<kw name="Sleep" library="BuiltIn">
<arg>1s</arg>
<doc>Pauses the test executed for the given time.</doc>
<msg timestamp="20211031 21:34:14.029" level="INFO">Slept 1 second</msg>
<status status="PASS" starttime="20211031 21:34:13.017" endtime="20211031 21:34:14.029"/>
</kw>
<kw name="Input Text" library="Selenium2Library">
<arg>name=agn_company_name</arg>
<arg>${agn_company_name}</arg>
<doc>Types the given ``text`` into the text field identified by ``locator``.</doc>
<msg timestamp="20211031 21:34:14.029" level="INFO">Typing text 'ร่ำรวย จำกัด12' into text field 'name=agn_company_name'.</msg>
<status status="PASS" starttime="20211031 21:34:14.029" endtime="20211031 21:34:14.115"/>
</kw>
<kw name="Input Text" library="Selenium2Library">
<arg>name=agn_tax</arg>
<arg>${agn_tax}</arg>
<doc>Types the given ``text`` into the text field identified by ``locator``.</doc>
<msg timestamp="20211031 21:34:14.115" level="INFO">Typing text '1234567890123' into text field 'name=agn_tax'.</msg>
<status status="PASS" starttime="20211031 21:34:14.115" endtime="20211031 21:34:14.205"/>
</kw>
<kw name="Input Text" library="Selenium2Library">
<arg>name=agn_address</arg>
<arg>${agn_address}</arg>
<doc>Types the given ``text`` into the text field identified by ``locator``.</doc>
<msg timestamp="20211031 21:34:14.205" level="INFO">Typing text '111/1 ต.แสนสุข อ.เมืองชลบุรี จ.ชลบุรี' into text field 'name=agn_address'.</msg>
<status status="PASS" starttime="20211031 21:34:14.205" endtime="20211031 21:34:14.303"/>
</kw>
<kw name="Input Text" library="Selenium2Library">
<arg>name=agn_firstname</arg>
<arg>${agn_firstname}</arg>
<doc>Types the given ``text`` into the text field identified by ``locator``.</doc>
<msg timestamp="20211031 21:34:14.303" level="INFO">Typing text 'ขยัน' into text field 'name=agn_firstname'.</msg>
<status status="PASS" starttime="20211031 21:34:14.303" endtime="20211031 21:34:14.383"/>
</kw>
<kw name="Input Text" library="Selenium2Library">
<arg>name=agn_lastname</arg>
<arg>${agn_lastname}</arg>
<doc>Types the given ``text`` into the text field identified by ``locator``.</doc>
<msg timestamp="20211031 21:34:14.384" level="INFO">Typing text '1234' into text field 'name=agn_lastname'.</msg>
<status status="PASS" starttime="20211031 21:34:14.384" endtime="20211031 21:34:14.457"/>
</kw>
<kw name="Input Text" library="Selenium2Library">
<arg>name=agn_tel</arg>
<arg>${agn_tel}</arg>
<doc>Types the given ``text`` into the text field identified by ``locator``.</doc>
<msg timestamp="20211031 21:34:14.458" level="INFO">Typing text '0812345678' into text field 'name=agn_tel'.</msg>
<status status="PASS" starttime="20211031 21:34:14.457" endtime="20211031 21:34:14.542"/>
</kw>
<kw name="Input Text" library="Selenium2Library">
<arg>name=agn_email</arg>
<arg>${agn_email}</arg>
<doc>Types the given ``text`` into the text field identified by ``locator``.</doc>
<msg timestamp="20211031 21:34:14.543" level="INFO">Typing text 'kayan@gmail.com' into text field 'name=agn_email'.</msg>
<status status="PASS" starttime="20211031 21:34:14.542" endtime="20211031 21:34:14.626"/>
</kw>
<kw name="Click Button" library="Selenium2Library">
<arg>class=positive</arg>
<doc>Clicks the button identified by ``locator``.</doc>
<msg timestamp="20211031 21:34:14.627" level="INFO">Clicking button 'class=positive'.</msg>
<status status="PASS" starttime="20211031 21:34:14.627" endtime="20211031 21:34:15.626"/>
</kw>
<status status="PASS" starttime="20211031 21:34:12.518" endtime="20211031 21:34:15.626"/>
</kw>
<kw name="Element Text Should Be" library="Selenium2Library">
<arg>//*[@id="agent_section"]/div[2]/div[2]/div[4]/label</arg>
<arg>Enter letters only</arg>
<doc>Verifies that element ``locator`` contains exact the text ``expected``.</doc>
<msg timestamp="20211031 21:34:15.627" level="INFO">Verifying element '//*[@id="agent_section"]/div[2]/div[2]/div[4]/label' contains exact text 'Enter letters only'.</msg>
<kw name="Capture Page Screenshot" library="Selenium2Library">
<doc>Takes a screenshot of the current page and embeds it into a log file.</doc>
<msg timestamp="20211031 21:34:15.754" level="INFO" html="true">&lt;/td&gt;&lt;/tr&gt;&lt;tr&gt;&lt;td colspan="3"&gt;&lt;a href="selenium-screenshot-1.png"&gt;&lt;img src="selenium-screenshot-1.png" width="800px"&gt;&lt;/a&gt;</msg>
<status status="PASS" starttime="20211031 21:34:15.648" endtime="20211031 21:34:15.754"/>
</kw>
<msg timestamp="20211031 21:34:15.758" level="FAIL">Element with locator '//*[@id="agent_section"]/div[2]/div[2]/div[4]/label' not found.</msg>
<status status="FAIL" starttime="20211031 21:34:15.627" endtime="20211031 21:34:15.758"/>
</kw>
<kw name="Sleep" library="BuiltIn">
<arg>1s</arg>
<doc>Pauses the test executed for the given time.</doc>
<status status="NOT RUN" starttime="20211031 21:34:15.759" endtime="20211031 21:34:15.759"/>
</kw>
<status status="FAIL" starttime="20211031 21:34:05.983" endtime="20211031 21:34:15.759">Element with locator '//*[@id="agent_section"]/div[2]/div[2]/div[4]/label' not found.</status>
</test>
<status status="FAIL" starttime="20211031 21:34:05.784" endtime="20211031 21:34:15.761"/>
</suite>
<statistics>
<total>
<stat pass="0" fail="1" skip="0">All Tests</stat>
</total>
<tag>
</tag>
<suite>
<stat pass="0" fail="1" skip="0" id="s1" name="CDMS-04-03-27">CDMS-04-03-27</stat>
</suite>
</statistics>
<errors>
</errors>
</robot>
