<?xml version="1.0" encoding="UTF-8"?>
<robot generator="Robot 4.1.1 (Python 3.9.7 on win32)" generated="20211025 23:12:31.789" rpa="false" schemaversion="2">
<suite id="s1" name="CDMS-04-03-14" source="C:\Users\pee20\OneDrive\เดสก์ท็อป\โฟลเดอร์ใหม่ (2)\ไฟล์ Robot\CDMS-04-03-14.robot">
<test id="s1-t1" name="Case CDMS-04-03-14">
<kw name="Open Browser" library="Selenium2Library">
<arg>http://localhost/code_team4/public/Agent_show/agent_show_ajax</arg>
<arg>chrome</arg>
<doc>Opens a new browser instance to the optional ``url``.</doc>
<msg timestamp="20211025 23:12:32.001" level="INFO">Opening browser 'chrome' to base url 'http://localhost/code_team4/public/Agent_show/agent_show_ajax'.</msg>
<status status="PASS" starttime="20211025 23:12:32.000" endtime="20211025 23:12:37.900"/>
</kw>
<kw name="Sleep" library="BuiltIn">
<arg>1s</arg>
<doc>Pauses the test executed for the given time.</doc>
<msg timestamp="20211025 23:12:38.901" level="INFO">Slept 1 second</msg>
<status status="PASS" starttime="20211025 23:12:37.901" endtime="20211025 23:12:38.901"/>
</kw>
<kw name="add_agent_agn_address_length_256">
<kw name="Click Element" library="Selenium2Library">
<arg>xpath=//*[@id="Agent_list_table_filter"]/a</arg>
<doc>Click the element identified by ``locator``.</doc>
<msg timestamp="20211025 23:12:38.902" level="INFO">Clicking element 'xpath=//*[@id="Agent_list_table_filter"]/a'.</msg>
<status status="PASS" starttime="20211025 23:12:38.902" endtime="20211025 23:12:39.493"/>
</kw>
<kw name="Sleep" library="BuiltIn">
<arg>1s</arg>
<doc>Pauses the test executed for the given time.</doc>
<msg timestamp="20211025 23:12:40.506" level="INFO">Slept 1 second</msg>
<status status="PASS" starttime="20211025 23:12:39.493" endtime="20211025 23:12:40.506"/>
</kw>
<kw name="Input Text" library="Selenium2Library">
<arg>name=agn_company_name</arg>
<arg>${agn_company_name}</arg>
<doc>Types the given ``text`` into the text field identified by ``locator``.</doc>
<msg timestamp="20211025 23:12:40.506" level="INFO">Typing text 'เนคเทค4' into text field 'name=agn_company_name'.</msg>
<status status="PASS" starttime="20211025 23:12:40.506" endtime="20211025 23:12:40.611"/>
</kw>
<kw name="Input Text" library="Selenium2Library">
<arg>name=agn_tax</arg>
<arg>${agn_tax}</arg>
<doc>Types the given ``text`` into the text field identified by ``locator``.</doc>
<msg timestamp="20211025 23:12:40.612" level="INFO">Typing text '1234567890123' into text field 'name=agn_tax'.</msg>
<status status="PASS" starttime="20211025 23:12:40.612" endtime="20211025 23:12:40.707"/>
</kw>
<kw name="Input Text" library="Selenium2Library">
<arg>name=agn_address</arg>
<arg>${agn_address}</arg>
<doc>Types the given ``text`` into the text field identified by ``locator``.</doc>
<msg timestamp="20211025 23:12:40.707" level="INFO">Typing text 'A wonderful serenity has taken possession of my entire soul, like these sweet mornings of spring which I enjoy with my whole heart. I am alone, and feel the charm of existence in this spot, which was created for the bliss of souls like mine. I am so happy.' into text field 'name=agn_address'.</msg>
<status status="PASS" starttime="20211025 23:12:40.707" endtime="20211025 23:12:41.090"/>
</kw>
<kw name="Input Text" library="Selenium2Library">
<arg>name=agn_firstname</arg>
<arg>${agn_firstname}</arg>
<doc>Types the given ``text`` into the text field identified by ``locator``.</doc>
<msg timestamp="20211025 23:12:41.091" level="INFO">Typing text 'อัศวิน' into text field 'name=agn_firstname'.</msg>
<status status="PASS" starttime="20211025 23:12:41.091" endtime="20211025 23:12:41.164"/>
</kw>
<kw name="Input Text" library="Selenium2Library">
<arg>name=agn_lastname</arg>
<arg>${agn_lastname}</arg>
<doc>Types the given ``text`` into the text field identified by ``locator``.</doc>
<msg timestamp="20211025 23:12:41.164" level="INFO">Typing text 'วงศ์สว่าง' into text field 'name=agn_lastname'.</msg>
<status status="PASS" starttime="20211025 23:12:41.164" endtime="20211025 23:12:41.246"/>
</kw>
<kw name="Input Text" library="Selenium2Library">
<arg>name=agn_tel</arg>
<arg>${agn_tel}</arg>
<doc>Types the given ``text`` into the text field identified by ``locator``.</doc>
<msg timestamp="20211025 23:12:41.247" level="INFO">Typing text '0908889888' into text field 'name=agn_tel'.</msg>
<status status="PASS" starttime="20211025 23:12:41.246" endtime="20211025 23:12:41.328"/>
</kw>
<kw name="Input Text" library="Selenium2Library">
<arg>name=agn_email</arg>
<arg>${agn_email}</arg>
<doc>Types the given ``text`` into the text field identified by ``locator``.</doc>
<msg timestamp="20211025 23:12:41.330" level="INFO">Typing text 'asawin@nectec.com' into text field 'name=agn_email'.</msg>
<status status="PASS" starttime="20211025 23:12:41.329" endtime="20211025 23:12:41.416"/>
</kw>
<kw name="Click Button" library="Selenium2Library">
<arg>class=positive</arg>
<doc>Clicks the button identified by ``locator``.</doc>
<msg timestamp="20211025 23:12:41.417" level="INFO">Clicking button 'class=positive'.</msg>
<status status="PASS" starttime="20211025 23:12:41.416" endtime="20211025 23:12:41.914"/>
</kw>
<status status="PASS" starttime="20211025 23:12:38.901" endtime="20211025 23:12:41.915"/>
</kw>
<kw name="Element Text Should Be" library="Selenium2Library">
<arg>//*[@id="agent_section"]/div[2]/div[1]/div[6]/label</arg>
<arg>Please enter 1 - 255 Character long</arg>
<doc>Verifies that element ``locator`` contains exact the text ``expected``.</doc>
<msg timestamp="20211025 23:12:41.916" level="INFO">Verifying element '//*[@id="agent_section"]/div[2]/div[1]/div[6]/label' contains exact text 'Please enter 1 - 255 Character long'.</msg>
<kw name="Capture Page Screenshot" library="Selenium2Library">
<doc>Takes a screenshot of the current page and embeds it into a log file.</doc>
<msg timestamp="20211025 23:12:42.066" level="INFO" html="true">&lt;/td&gt;&lt;/tr&gt;&lt;tr&gt;&lt;td colspan="3"&gt;&lt;a href="selenium-screenshot-1.png"&gt;&lt;img src="selenium-screenshot-1.png" width="800px"&gt;&lt;/a&gt;</msg>
<status status="PASS" starttime="20211025 23:12:41.935" endtime="20211025 23:12:42.067"/>
</kw>
<msg timestamp="20211025 23:12:42.070" level="FAIL">Element with locator '//*[@id="agent_section"]/div[2]/div[1]/div[6]/label' not found.</msg>
<status status="FAIL" starttime="20211025 23:12:41.916" endtime="20211025 23:12:42.070"/>
</kw>
<kw name="Sleep" library="BuiltIn">
<arg>1s</arg>
<doc>Pauses the test executed for the given time.</doc>
<status status="NOT RUN" starttime="20211025 23:12:42.071" endtime="20211025 23:12:42.071"/>
</kw>
<status status="FAIL" starttime="20211025 23:12:32.000" endtime="20211025 23:12:42.071">Element with locator '//*[@id="agent_section"]/div[2]/div[1]/div[6]/label' not found.</status>
</test>
<status status="FAIL" starttime="20211025 23:12:31.790" endtime="20211025 23:12:42.073"/>
</suite>
<statistics>
<total>
<stat pass="0" fail="1" skip="0">All Tests</stat>
</total>
<tag>
</tag>
<suite>
<stat pass="0" fail="1" skip="0" id="s1" name="CDMS-04-03-14">CDMS-04-03-14</stat>
</suite>
</statistics>
<errors>
</errors>
</robot>
