<?xml version="1.0" encoding="UTF-8"?>
<robot generator="Robot 4.1.1 (Python 3.9.7 on win32)" generated="20211031 21:07:58.482" rpa="false" schemaversion="2">
<suite id="s1" name="CDMS-04-03-21" source="C:\Users\pee20\OneDrive\เดสก์ท็อป\โฟลเดอร์ใหม่ (3)\Automated\CDMS-04-03-21.robot">
<test id="s1-t1" name="Case CDMS-04-03-21">
<kw name="Open Browser" library="Selenium2Library">
<arg>http://localhost/code_team4/public/Agent_show/agent_show_ajax</arg>
<arg>chrome</arg>
<doc>Opens a new browser instance to the optional ``url``.</doc>
<msg timestamp="20211031 21:07:58.687" level="INFO">Opening browser 'chrome' to base url 'http://localhost/code_team4/public/Agent_show/agent_show_ajax'.</msg>
<status status="PASS" starttime="20211031 21:07:58.687" endtime="20211031 21:08:04.217"/>
</kw>
<kw name="Sleep" library="BuiltIn">
<arg>1s</arg>
<doc>Pauses the test executed for the given time.</doc>
<msg timestamp="20211031 21:08:05.229" level="INFO">Slept 1 second</msg>
<status status="PASS" starttime="20211031 21:08:04.218" endtime="20211031 21:08:05.229"/>
</kw>
<kw name="add_agent_agn_firstname_length_0">
<kw name="Click Element" library="Selenium2Library">
<arg>xpath=//*[@id="Agent_list_table_filter"]/a</arg>
<doc>Click the element identified by ``locator``.</doc>
<msg timestamp="20211031 21:08:05.230" level="INFO">Clicking element 'xpath=//*[@id="Agent_list_table_filter"]/a'.</msg>
<status status="PASS" starttime="20211031 21:08:05.230" endtime="20211031 21:08:05.743"/>
</kw>
<kw name="Sleep" library="BuiltIn">
<arg>1s</arg>
<doc>Pauses the test executed for the given time.</doc>
<msg timestamp="20211031 21:08:06.755" level="INFO">Slept 1 second</msg>
<status status="PASS" starttime="20211031 21:08:05.743" endtime="20211031 21:08:06.755"/>
</kw>
<kw name="Input Text" library="Selenium2Library">
<arg>name=agn_company_name</arg>
<arg>${agn_company_name}</arg>
<doc>Types the given ``text`` into the text field identified by ``locator``.</doc>
<msg timestamp="20211031 21:08:06.756" level="INFO">Typing text 'ร่ำรวย จำกัด6' into text field 'name=agn_company_name'.</msg>
<status status="PASS" starttime="20211031 21:08:06.755" endtime="20211031 21:08:06.833"/>
</kw>
<kw name="Input Text" library="Selenium2Library">
<arg>name=agn_tax</arg>
<arg>${agn_tax}</arg>
<doc>Types the given ``text`` into the text field identified by ``locator``.</doc>
<msg timestamp="20211031 21:08:06.834" level="INFO">Typing text '1234567890123' into text field 'name=agn_tax'.</msg>
<status status="PASS" starttime="20211031 21:08:06.833" endtime="20211031 21:08:06.915"/>
</kw>
<kw name="Input Text" library="Selenium2Library">
<arg>name=agn_address</arg>
<arg>${agn_address}</arg>
<doc>Types the given ``text`` into the text field identified by ``locator``.</doc>
<msg timestamp="20211031 21:08:06.916" level="INFO">Typing text '111/1 ต.แสนสุข อ.เมืองชลบุรี จ.ชลบุรี' into text field 'name=agn_address'.</msg>
<status status="PASS" starttime="20211031 21:08:06.915" endtime="20211031 21:08:07.001"/>
</kw>
<kw name="Input Text" library="Selenium2Library">
<arg>name=agn_firstname</arg>
<arg>${agn_firstname}</arg>
<doc>Types the given ``text`` into the text field identified by ``locator``.</doc>
<msg timestamp="20211031 21:08:07.001" level="INFO">Typing text '' into text field 'name=agn_firstname'.</msg>
<status status="PASS" starttime="20211031 21:08:07.001" endtime="20211031 21:08:07.063"/>
</kw>
<kw name="Input Text" library="Selenium2Library">
<arg>name=agn_lastname</arg>
<arg>${agn_lastname}</arg>
<doc>Types the given ``text`` into the text field identified by ``locator``.</doc>
<msg timestamp="20211031 21:08:07.064" level="INFO">Typing text 'หมั่นเพียร' into text field 'name=agn_lastname'.</msg>
<status status="PASS" starttime="20211031 21:08:07.063" endtime="20211031 21:08:07.149"/>
</kw>
<kw name="Input Text" library="Selenium2Library">
<arg>name=agn_tel</arg>
<arg>${agn_tel}</arg>
<doc>Types the given ``text`` into the text field identified by ``locator``.</doc>
<msg timestamp="20211031 21:08:07.150" level="INFO">Typing text '0812345678' into text field 'name=agn_tel'.</msg>
<status status="PASS" starttime="20211031 21:08:07.149" endtime="20211031 21:08:07.233"/>
</kw>
<kw name="Input Text" library="Selenium2Library">
<arg>name=agn_email</arg>
<arg>${agn_email}</arg>
<doc>Types the given ``text`` into the text field identified by ``locator``.</doc>
<msg timestamp="20211031 21:08:07.233" level="INFO">Typing text 'kayan@gmail.com' into text field 'name=agn_email'.</msg>
<status status="PASS" starttime="20211031 21:08:07.233" endtime="20211031 21:08:07.311"/>
</kw>
<kw name="Click Button" library="Selenium2Library">
<arg>class=positive</arg>
<doc>Clicks the button identified by ``locator``.</doc>
<msg timestamp="20211031 21:08:07.311" level="INFO">Clicking button 'class=positive'.</msg>
<status status="PASS" starttime="20211031 21:08:07.311" endtime="20211031 21:08:07.404"/>
</kw>
<status status="PASS" starttime="20211031 21:08:05.229" endtime="20211031 21:08:07.405"/>
</kw>
<kw name="Element Text Should Be" library="Selenium2Library">
<arg>//*[@id="agent_section"]/div[2]/div[2]/div[2]/label</arg>
<arg>Please enter a first name</arg>
<doc>Verifies that element ``locator`` contains exact the text ``expected``.</doc>
<msg timestamp="20211031 21:08:07.406" level="INFO">Verifying element '//*[@id="agent_section"]/div[2]/div[2]/div[2]/label' contains exact text 'Please enter a first name'.</msg>
<status status="PASS" starttime="20211031 21:08:07.405" endtime="20211031 21:08:07.436"/>
</kw>
<kw name="Sleep" library="BuiltIn">
<arg>1s</arg>
<doc>Pauses the test executed for the given time.</doc>
<msg timestamp="20211031 21:08:08.450" level="INFO">Slept 1 second</msg>
<status status="PASS" starttime="20211031 21:08:07.437" endtime="20211031 21:08:08.450"/>
</kw>
<status status="PASS" starttime="20211031 21:07:58.686" endtime="20211031 21:08:08.451"/>
</test>
<status status="PASS" starttime="20211031 21:07:58.485" endtime="20211031 21:08:08.452"/>
</suite>
<statistics>
<total>
<stat pass="1" fail="0" skip="0">All Tests</stat>
</total>
<tag>
</tag>
<suite>
<stat pass="1" fail="0" skip="0" id="s1" name="CDMS-04-03-21">CDMS-04-03-21</stat>
</suite>
</statistics>
<errors>
</errors>
</robot>
