<?xml version="1.0" encoding="UTF-8"?>
<robot generator="Robot 4.1.1 (Python 3.9.7 on win32)" generated="20211025 22:49:13.072" rpa="false" schemaversion="2">
<suite id="s1" name="CDMS-04-03-09" source="C:\Users\pee20\OneDrive\เดสก์ท็อป\โฟลเดอร์ใหม่ (2)\ไฟล์ Robot\CDMS-04-03-09.robot">
<test id="s1-t1" name="Case CDMS-04-03-09">
<kw name="Open Browser" library="Selenium2Library">
<arg>http://localhost/code_team4/public/Agent_show/agent_show_ajax</arg>
<arg>chrome</arg>
<doc>Opens a new browser instance to the optional ``url``.</doc>
<msg timestamp="20211025 22:49:13.294" level="INFO">Opening browser 'chrome' to base url 'http://localhost/code_team4/public/Agent_show/agent_show_ajax'.</msg>
<status status="PASS" starttime="20211025 22:49:13.294" endtime="20211025 22:49:18.730"/>
</kw>
<kw name="Sleep" library="BuiltIn">
<arg>1s</arg>
<doc>Pauses the test executed for the given time.</doc>
<msg timestamp="20211025 22:49:19.738" level="INFO">Slept 1 second</msg>
<status status="PASS" starttime="20211025 22:49:18.731" endtime="20211025 22:49:19.738"/>
</kw>
<kw name="add_agent_agn_address_length_0">
<kw name="Click Element" library="Selenium2Library">
<arg>xpath=//*[@id="Agent_list_table_filter"]/a</arg>
<doc>Click the element identified by ``locator``.</doc>
<msg timestamp="20211025 22:49:19.739" level="INFO">Clicking element 'xpath=//*[@id="Agent_list_table_filter"]/a'.</msg>
<status status="PASS" starttime="20211025 22:49:19.739" endtime="20211025 22:49:20.125"/>
</kw>
<kw name="Sleep" library="BuiltIn">
<arg>1s</arg>
<doc>Pauses the test executed for the given time.</doc>
<msg timestamp="20211025 22:49:21.127" level="INFO">Slept 1 second</msg>
<status status="PASS" starttime="20211025 22:49:20.125" endtime="20211025 22:49:21.127"/>
</kw>
<kw name="Input Text" library="Selenium2Library">
<arg>name=agn_company_name</arg>
<arg>${agn_company_name}</arg>
<doc>Types the given ``text`` into the text field identified by ``locator``.</doc>
<msg timestamp="20211025 22:49:21.128" level="INFO">Typing text 'เนคเทค' into text field 'name=agn_company_name'.</msg>
<status status="PASS" starttime="20211025 22:49:21.127" endtime="20211025 22:49:21.209"/>
</kw>
<kw name="Input Text" library="Selenium2Library">
<arg>name=agn_tax</arg>
<arg>${agn_tax}</arg>
<doc>Types the given ``text`` into the text field identified by ``locator``.</doc>
<msg timestamp="20211025 22:49:21.209" level="INFO">Typing text '1234567890123' into text field 'name=agn_tax'.</msg>
<status status="PASS" starttime="20211025 22:49:21.209" endtime="20211025 22:49:21.288"/>
</kw>
<kw name="Input Text" library="Selenium2Library">
<arg>name=agn_address</arg>
<arg>${agn_address}</arg>
<doc>Types the given ``text`` into the text field identified by ``locator``.</doc>
<msg timestamp="20211025 22:49:21.288" level="INFO">Typing text '' into text field 'name=agn_address'.</msg>
<status status="PASS" starttime="20211025 22:49:21.288" endtime="20211025 22:49:21.351"/>
</kw>
<kw name="Input Text" library="Selenium2Library">
<arg>name=agn_firstname</arg>
<arg>${agn_firstname}</arg>
<doc>Types the given ``text`` into the text field identified by ``locator``.</doc>
<msg timestamp="20211025 22:49:21.351" level="INFO">Typing text 'อัศวิน' into text field 'name=agn_firstname'.</msg>
<status status="PASS" starttime="20211025 22:49:21.351" endtime="20211025 22:49:21.424"/>
</kw>
<kw name="Input Text" library="Selenium2Library">
<arg>name=agn_lastname</arg>
<arg>${agn_lastname}</arg>
<doc>Types the given ``text`` into the text field identified by ``locator``.</doc>
<msg timestamp="20211025 22:49:21.425" level="INFO">Typing text 'วงศ์สว่าง' into text field 'name=agn_lastname'.</msg>
<status status="PASS" starttime="20211025 22:49:21.424" endtime="20211025 22:49:21.500"/>
</kw>
<kw name="Input Text" library="Selenium2Library">
<arg>name=agn_tel</arg>
<arg>${agn_tel}</arg>
<doc>Types the given ``text`` into the text field identified by ``locator``.</doc>
<msg timestamp="20211025 22:49:21.500" level="INFO">Typing text '0908889888' into text field 'name=agn_tel'.</msg>
<status status="PASS" starttime="20211025 22:49:21.500" endtime="20211025 22:49:21.587"/>
</kw>
<kw name="Input Text" library="Selenium2Library">
<arg>name=agn_email</arg>
<arg>${agn_email}</arg>
<doc>Types the given ``text`` into the text field identified by ``locator``.</doc>
<msg timestamp="20211025 22:49:21.588" level="INFO">Typing text 'asawin@nectec.com' into text field 'name=agn_email'.</msg>
<status status="PASS" starttime="20211025 22:49:21.587" endtime="20211025 22:49:21.679"/>
</kw>
<kw name="Click Button" library="Selenium2Library">
<arg>class=positive</arg>
<doc>Clicks the button identified by ``locator``.</doc>
<msg timestamp="20211025 22:49:21.679" level="INFO">Clicking button 'class=positive'.</msg>
<status status="PASS" starttime="20211025 22:49:21.679" endtime="20211025 22:49:21.749"/>
</kw>
<status status="PASS" starttime="20211025 22:49:19.739" endtime="20211025 22:49:21.749"/>
</kw>
<kw name="Element Text Should Be" library="Selenium2Library">
<arg>//*[@id="agent_section"]/div[2]/div[1]/div[6]/label</arg>
<arg>Please enter an address</arg>
<doc>Verifies that element ``locator`` contains exact the text ``expected``.</doc>
<msg timestamp="20211025 22:49:21.750" level="INFO">Verifying element '//*[@id="agent_section"]/div[2]/div[1]/div[6]/label' contains exact text 'Please enter an address'.</msg>
<status status="PASS" starttime="20211025 22:49:21.749" endtime="20211025 22:49:21.772"/>
</kw>
<kw name="Sleep" library="BuiltIn">
<arg>1s</arg>
<doc>Pauses the test executed for the given time.</doc>
<msg timestamp="20211025 22:49:22.785" level="INFO">Slept 1 second</msg>
<status status="PASS" starttime="20211025 22:49:21.772" endtime="20211025 22:49:22.785"/>
</kw>
<status status="PASS" starttime="20211025 22:49:13.293" endtime="20211025 22:49:22.785"/>
</test>
<status status="PASS" starttime="20211025 22:49:13.073" endtime="20211025 22:49:22.787"/>
</suite>
<statistics>
<total>
<stat pass="1" fail="0" skip="0">All Tests</stat>
</total>
<tag>
</tag>
<suite>
<stat pass="1" fail="0" skip="0" id="s1" name="CDMS-04-03-09">CDMS-04-03-09</stat>
</suite>
</statistics>
<errors>
</errors>
</robot>
