<?xml version="1.0" encoding="UTF-8"?>
<robot generator="Robot 4.1.1 (Python 3.9.7 on win32)" generated="20211025 23:17:58.126" rpa="false" schemaversion="2">
<suite id="s1" name="CDMS-04-03-15" source="C:\Users\pee20\OneDrive\เดสก์ท็อป\โฟลเดอร์ใหม่ (2)\ไฟล์ Robot\CDMS-04-03-15.robot">
<test id="s1-t1" name="Case CDMS-04-03-15">
<kw name="Open Browser" library="Selenium2Library">
<arg>http://localhost/code_team4/public/Agent_show/agent_show_ajax</arg>
<arg>chrome</arg>
<doc>Opens a new browser instance to the optional ``url``.</doc>
<msg timestamp="20211025 23:17:58.338" level="INFO">Opening browser 'chrome' to base url 'http://localhost/code_team4/public/Agent_show/agent_show_ajax'.</msg>
<status status="PASS" starttime="20211025 23:17:58.338" endtime="20211025 23:18:03.781"/>
</kw>
<kw name="Sleep" library="BuiltIn">
<arg>1s</arg>
<doc>Pauses the test executed for the given time.</doc>
<msg timestamp="20211025 23:18:04.793" level="INFO">Slept 1 second</msg>
<status status="PASS" starttime="20211025 23:18:03.782" endtime="20211025 23:18:04.793"/>
</kw>
<kw name="add_agent_wrong_agn_tax_format">
<kw name="Click Element" library="Selenium2Library">
<arg>xpath=//*[@id="Agent_list_table_filter"]/a</arg>
<doc>Click the element identified by ``locator``.</doc>
<msg timestamp="20211025 23:18:04.794" level="INFO">Clicking element 'xpath=//*[@id="Agent_list_table_filter"]/a'.</msg>
<status status="PASS" starttime="20211025 23:18:04.794" endtime="20211025 23:18:05.205"/>
</kw>
<kw name="Sleep" library="BuiltIn">
<arg>1s</arg>
<doc>Pauses the test executed for the given time.</doc>
<msg timestamp="20211025 23:18:06.207" level="INFO">Slept 1 second</msg>
<status status="PASS" starttime="20211025 23:18:05.205" endtime="20211025 23:18:06.207"/>
</kw>
<kw name="Input Text" library="Selenium2Library">
<arg>name=agn_company_name</arg>
<arg>${agn_company_name}</arg>
<doc>Types the given ``text`` into the text field identified by ``locator``.</doc>
<msg timestamp="20211025 23:18:06.208" level="INFO">Typing text 'เนคเทค5' into text field 'name=agn_company_name'.</msg>
<status status="PASS" starttime="20211025 23:18:06.207" endtime="20211025 23:18:06.289"/>
</kw>
<kw name="Input Text" library="Selenium2Library">
<arg>name=agn_tax</arg>
<arg>${agn_tax}</arg>
<doc>Types the given ``text`` into the text field identified by ``locator``.</doc>
<msg timestamp="20211025 23:18:06.289" level="INFO">Typing text 'งานเยอะจังเลยครับ' into text field 'name=agn_tax'.</msg>
<status status="PASS" starttime="20211025 23:18:06.289" endtime="20211025 23:18:06.378"/>
</kw>
<kw name="Input Text" library="Selenium2Library">
<arg>name=agn_address</arg>
<arg>${agn_address}</arg>
<doc>Types the given ``text`` into the text field identified by ``locator``.</doc>
<msg timestamp="20211025 23:18:06.378" level="INFO">Typing text '127/12 ต.แสนสุข ชลบุรี' into text field 'name=agn_address'.</msg>
<status status="PASS" starttime="20211025 23:18:06.378" endtime="20211025 23:18:06.466"/>
</kw>
<kw name="Input Text" library="Selenium2Library">
<arg>name=agn_firstname</arg>
<arg>${agn_firstname}</arg>
<doc>Types the given ``text`` into the text field identified by ``locator``.</doc>
<msg timestamp="20211025 23:18:06.466" level="INFO">Typing text 'อัศวิน' into text field 'name=agn_firstname'.</msg>
<status status="PASS" starttime="20211025 23:18:06.466" endtime="20211025 23:18:06.544"/>
</kw>
<kw name="Input Text" library="Selenium2Library">
<arg>name=agn_lastname</arg>
<arg>${agn_lastname}</arg>
<doc>Types the given ``text`` into the text field identified by ``locator``.</doc>
<msg timestamp="20211025 23:18:06.544" level="INFO">Typing text 'วงศ์สว่าง' into text field 'name=agn_lastname'.</msg>
<status status="PASS" starttime="20211025 23:18:06.544" endtime="20211025 23:18:06.618"/>
</kw>
<kw name="Input Text" library="Selenium2Library">
<arg>name=agn_tel</arg>
<arg>${agn_tel}</arg>
<doc>Types the given ``text`` into the text field identified by ``locator``.</doc>
<msg timestamp="20211025 23:18:06.618" level="INFO">Typing text '0908889888' into text field 'name=agn_tel'.</msg>
<status status="PASS" starttime="20211025 23:18:06.618" endtime="20211025 23:18:06.699"/>
</kw>
<kw name="Input Text" library="Selenium2Library">
<arg>name=agn_email</arg>
<arg>${agn_email}</arg>
<doc>Types the given ``text`` into the text field identified by ``locator``.</doc>
<msg timestamp="20211025 23:18:06.699" level="INFO">Typing text 'asawin@nectec.com' into text field 'name=agn_email'.</msg>
<status status="PASS" starttime="20211025 23:18:06.699" endtime="20211025 23:18:06.790"/>
</kw>
<kw name="Click Button" library="Selenium2Library">
<arg>class=positive</arg>
<doc>Clicks the button identified by ``locator``.</doc>
<msg timestamp="20211025 23:18:06.790" level="INFO">Clicking button 'class=positive'.</msg>
<status status="PASS" starttime="20211025 23:18:06.790" endtime="20211025 23:18:06.854"/>
</kw>
<status status="PASS" starttime="20211025 23:18:04.794" endtime="20211025 23:18:06.855"/>
</kw>
<kw name="Element Text Should Be" library="Selenium2Library">
<arg>//*[@id="agent_section"]/div[2]/div[1]/div[4]/label</arg>
<arg>Please enter number</arg>
<doc>Verifies that element ``locator`` contains exact the text ``expected``.</doc>
<msg timestamp="20211025 23:18:06.855" level="INFO">Verifying element '//*[@id="agent_section"]/div[2]/div[1]/div[4]/label' contains exact text 'Please enter number'.</msg>
<kw name="Capture Page Screenshot" library="Selenium2Library">
<doc>Takes a screenshot of the current page and embeds it into a log file.</doc>
<msg timestamp="20211025 23:18:07.030" level="INFO" html="true">&lt;/td&gt;&lt;/tr&gt;&lt;tr&gt;&lt;td colspan="3"&gt;&lt;a href="selenium-screenshot-2.png"&gt;&lt;img src="selenium-screenshot-2.png" width="800px"&gt;&lt;/a&gt;</msg>
<status status="PASS" starttime="20211025 23:18:06.879" endtime="20211025 23:18:07.031"/>
</kw>
<msg timestamp="20211025 23:18:07.033" level="FAIL">The text of element '//*[@id="agent_section"]/div[2]/div[1]/div[4]/label' should have been 'Please enter number' but it was 'Please enter 13 digit long'.</msg>
<status status="FAIL" starttime="20211025 23:18:06.855" endtime="20211025 23:18:07.033"/>
</kw>
<kw name="Sleep" library="BuiltIn">
<arg>1s</arg>
<doc>Pauses the test executed for the given time.</doc>
<status status="NOT RUN" starttime="20211025 23:18:07.033" endtime="20211025 23:18:07.033"/>
</kw>
<status status="FAIL" starttime="20211025 23:17:58.337" endtime="20211025 23:18:07.034">The text of element '//*[@id="agent_section"]/div[2]/div[1]/div[4]/label' should have been 'Please enter number' but it was 'Please enter 13 digit long'.</status>
</test>
<status status="FAIL" starttime="20211025 23:17:58.127" endtime="20211025 23:18:07.035"/>
</suite>
<statistics>
<total>
<stat pass="0" fail="1" skip="0">All Tests</stat>
</total>
<tag>
</tag>
<suite>
<stat pass="0" fail="1" skip="0" id="s1" name="CDMS-04-03-15">CDMS-04-03-15</stat>
</suite>
</statistics>
<errors>
</errors>
</robot>
