<?xml version="1.0" encoding="UTF-8"?>
<robot generator="Robot 4.1.1 (Python 3.9.7 on win32)" generated="20211031 21:14:14.414" rpa="false" schemaversion="2">
<suite id="s1" name="CDMS-04-03-22" source="C:\Users\pee20\OneDrive\เดสก์ท็อป\โฟลเดอร์ใหม่ (3)\Automated\CDMS-04-03-22.robot">
<test id="s1-t1" name="Case CDMS-04-03-22">
<kw name="Open Browser" library="Selenium2Library">
<arg>http://localhost/code_team4/public/Agent_show/agent_show_ajax</arg>
<arg>chrome</arg>
<doc>Opens a new browser instance to the optional ``url``.</doc>
<msg timestamp="20211031 21:14:14.635" level="INFO">Opening browser 'chrome' to base url 'http://localhost/code_team4/public/Agent_show/agent_show_ajax'.</msg>
<status status="PASS" starttime="20211031 21:14:14.635" endtime="20211031 21:14:20.936"/>
</kw>
<kw name="Sleep" library="BuiltIn">
<arg>1s</arg>
<doc>Pauses the test executed for the given time.</doc>
<msg timestamp="20211031 21:14:21.952" level="INFO">Slept 1 second</msg>
<status status="PASS" starttime="20211031 21:14:20.937" endtime="20211031 21:14:21.952"/>
</kw>
<kw name="add_agent_agn_firstname_length_1">
<kw name="Click Element" library="Selenium2Library">
<arg>xpath=//*[@id="Agent_list_table_filter"]/a</arg>
<doc>Click the element identified by ``locator``.</doc>
<msg timestamp="20211031 21:14:21.955" level="INFO">Clicking element 'xpath=//*[@id="Agent_list_table_filter"]/a'.</msg>
<status status="PASS" starttime="20211031 21:14:21.953" endtime="20211031 21:14:22.358"/>
</kw>
<kw name="Sleep" library="BuiltIn">
<arg>1s</arg>
<doc>Pauses the test executed for the given time.</doc>
<msg timestamp="20211031 21:14:23.363" level="INFO">Slept 1 second</msg>
<status status="PASS" starttime="20211031 21:14:22.359" endtime="20211031 21:14:23.363"/>
</kw>
<kw name="Input Text" library="Selenium2Library">
<arg>name=agn_company_name</arg>
<arg>${agn_company_name}</arg>
<doc>Types the given ``text`` into the text field identified by ``locator``.</doc>
<msg timestamp="20211031 21:14:23.363" level="INFO">Typing text 'ร่ำรวย จำกัด7' into text field 'name=agn_company_name'.</msg>
<status status="PASS" starttime="20211031 21:14:23.363" endtime="20211031 21:14:23.445"/>
</kw>
<kw name="Input Text" library="Selenium2Library">
<arg>name=agn_tax</arg>
<arg>${agn_tax}</arg>
<doc>Types the given ``text`` into the text field identified by ``locator``.</doc>
<msg timestamp="20211031 21:14:23.446" level="INFO">Typing text '1234567890123' into text field 'name=agn_tax'.</msg>
<status status="PASS" starttime="20211031 21:14:23.446" endtime="20211031 21:14:23.550"/>
</kw>
<kw name="Input Text" library="Selenium2Library">
<arg>name=agn_address</arg>
<arg>${agn_address}</arg>
<doc>Types the given ``text`` into the text field identified by ``locator``.</doc>
<msg timestamp="20211031 21:14:23.550" level="INFO">Typing text '111/1 ต.แสนสุข อ.เมืองชลบุรี จ.ชลบุรี' into text field 'name=agn_address'.</msg>
<status status="PASS" starttime="20211031 21:14:23.550" endtime="20211031 21:14:23.645"/>
</kw>
<kw name="Input Text" library="Selenium2Library">
<arg>name=agn_firstname</arg>
<arg>${agn_firstname}</arg>
<doc>Types the given ``text`` into the text field identified by ``locator``.</doc>
<msg timestamp="20211031 21:14:23.645" level="INFO">Typing text 'ข' into text field 'name=agn_firstname'.</msg>
<status status="PASS" starttime="20211031 21:14:23.645" endtime="20211031 21:14:23.717"/>
</kw>
<kw name="Input Text" library="Selenium2Library">
<arg>name=agn_lastname</arg>
<arg>${agn_lastname}</arg>
<doc>Types the given ``text`` into the text field identified by ``locator``.</doc>
<msg timestamp="20211031 21:14:23.717" level="INFO">Typing text 'หมั่นเพียร' into text field 'name=agn_lastname'.</msg>
<status status="PASS" starttime="20211031 21:14:23.717" endtime="20211031 21:14:23.812"/>
</kw>
<kw name="Input Text" library="Selenium2Library">
<arg>name=agn_tel</arg>
<arg>${agn_tel}</arg>
<doc>Types the given ``text`` into the text field identified by ``locator``.</doc>
<msg timestamp="20211031 21:14:23.812" level="INFO">Typing text '0812345678' into text field 'name=agn_tel'.</msg>
<status status="PASS" starttime="20211031 21:14:23.812" endtime="20211031 21:14:23.895"/>
</kw>
<kw name="Input Text" library="Selenium2Library">
<arg>name=agn_email</arg>
<arg>${agn_email}</arg>
<doc>Types the given ``text`` into the text field identified by ``locator``.</doc>
<msg timestamp="20211031 21:14:23.895" level="INFO">Typing text 'kayan@gmail.com' into text field 'name=agn_email'.</msg>
<status status="PASS" starttime="20211031 21:14:23.895" endtime="20211031 21:14:24.004"/>
</kw>
<kw name="Click Button" library="Selenium2Library">
<arg>class=positive</arg>
<doc>Clicks the button identified by ``locator``.</doc>
<msg timestamp="20211031 21:14:24.005" level="INFO">Clicking button 'class=positive'.</msg>
<status status="PASS" starttime="20211031 21:14:24.004" endtime="20211031 21:14:24.637"/>
</kw>
<status status="PASS" starttime="20211031 21:14:21.953" endtime="20211031 21:14:24.637"/>
</kw>
<kw name="Element Text Should Be" library="Selenium2Library">
<arg>xpath=//*[@id="Agent_list_table"]/tbody/tr[1]/td[2]</arg>
<arg>${agn_company_name}</arg>
<doc>Verifies that element ``locator`` contains exact the text ``expected``.</doc>
<msg timestamp="20211031 21:14:24.639" level="INFO">Verifying element 'xpath=//*[@id="Agent_list_table"]/tbody/tr[1]/td[2]' contains exact text 'ร่ำรวย จำกัด7'.</msg>
<status status="PASS" starttime="20211031 21:14:24.638" endtime="20211031 21:14:24.667"/>
</kw>
<kw name="Element Text Should Be" library="Selenium2Library">
<arg>xpath=//*[@id="Agent_list_table"]/tbody/tr[1]/td[3]</arg>
<arg>${agn_firstname_lastname}</arg>
<doc>Verifies that element ``locator`` contains exact the text ``expected``.</doc>
<msg timestamp="20211031 21:14:24.668" level="INFO">Verifying element 'xpath=//*[@id="Agent_list_table"]/tbody/tr[1]/td[3]' contains exact text 'ข หมั่นเพียร'.</msg>
<status status="PASS" starttime="20211031 21:14:24.668" endtime="20211031 21:14:24.696"/>
</kw>
<kw name="Element Text Should Be" library="Selenium2Library">
<arg>xpath=//*[@id="Agent_list_table"]/tbody/tr[1]/td[4]</arg>
<arg>0</arg>
<doc>Verifies that element ``locator`` contains exact the text ``expected``.</doc>
<msg timestamp="20211031 21:14:24.697" level="INFO">Verifying element 'xpath=//*[@id="Agent_list_table"]/tbody/tr[1]/td[4]' contains exact text '0'.</msg>
<status status="PASS" starttime="20211031 21:14:24.696" endtime="20211031 21:14:24.721"/>
</kw>
<kw name="Element Text Should Be" library="Selenium2Library">
<arg>xpath=//*[@id="Agent_list_table"]/tbody/tr[1]/td[5]</arg>
<arg>${agn_tel_format}</arg>
<doc>Verifies that element ``locator`` contains exact the text ``expected``.</doc>
<msg timestamp="20211031 21:14:24.722" level="INFO">Verifying element 'xpath=//*[@id="Agent_list_table"]/tbody/tr[1]/td[5]' contains exact text '081-234-5678'.</msg>
<status status="PASS" starttime="20211031 21:14:24.721" endtime="20211031 21:14:24.748"/>
</kw>
<kw name="Element Text Should Be" library="Selenium2Library">
<arg>xpath=//*[@id="Agent_list_table"]/tbody/tr[1]/td[6]</arg>
<arg>${agn_email}</arg>
<doc>Verifies that element ``locator`` contains exact the text ``expected``.</doc>
<msg timestamp="20211031 21:14:24.749" level="INFO">Verifying element 'xpath=//*[@id="Agent_list_table"]/tbody/tr[1]/td[6]' contains exact text 'kayan@gmail.com'.</msg>
<status status="PASS" starttime="20211031 21:14:24.748" endtime="20211031 21:14:24.783"/>
</kw>
<kw name="Sleep" library="BuiltIn">
<arg>1s</arg>
<doc>Pauses the test executed for the given time.</doc>
<msg timestamp="20211031 21:14:25.793" level="INFO">Slept 1 second</msg>
<status status="PASS" starttime="20211031 21:14:24.784" endtime="20211031 21:14:25.793"/>
</kw>
<status status="PASS" starttime="20211031 21:14:14.634" endtime="20211031 21:14:25.794"/>
</test>
<status status="PASS" starttime="20211031 21:14:14.419" endtime="20211031 21:14:25.795"/>
</suite>
<statistics>
<total>
<stat pass="1" fail="0" skip="0">All Tests</stat>
</total>
<tag>
</tag>
<suite>
<stat pass="1" fail="0" skip="0" id="s1" name="CDMS-04-03-22">CDMS-04-03-22</stat>
</suite>
</statistics>
<errors>
</errors>
</robot>
