<?xml version="1.0" encoding="UTF-8"?>
<robot generator="Robot 4.1.1 (Python 3.9.7 on win32)" generated="20211025 21:52:39.880" rpa="false" schemaversion="2">
<suite id="s1" name="CDMS-04-03-03" source="C:\Users\pee20\OneDrive\เดสก์ท็อป\โฟลเดอร์ใหม่ (2)\ไฟล์ Robot\CDMS-04-03-03.robot">
<test id="s1-t1" name="Case CDMS-04-03-03">
<kw name="Open Browser" library="Selenium2Library">
<arg>http://localhost/code_team4/public/Agent_show/agent_show_ajax</arg>
<arg>chrome</arg>
<doc>Opens a new browser instance to the optional ``url``.</doc>
<msg timestamp="20211025 21:52:40.086" level="INFO">Opening browser 'chrome' to base url 'http://localhost/code_team4/public/Agent_show/agent_show_ajax'.</msg>
<status status="PASS" starttime="20211025 21:52:40.086" endtime="20211025 21:52:45.474"/>
</kw>
<kw name="Sleep" library="BuiltIn">
<arg>1s</arg>
<doc>Pauses the test executed for the given time.</doc>
<msg timestamp="20211025 21:52:46.484" level="INFO">Slept 1 second</msg>
<status status="PASS" starttime="20211025 21:52:45.475" endtime="20211025 21:52:46.484"/>
</kw>
<kw name="add_agent_agn_company_name_length_1">
<kw name="Click Element" library="Selenium2Library">
<arg>xpath=//*[@id="Agent_list_table_filter"]/a</arg>
<doc>Click the element identified by ``locator``.</doc>
<msg timestamp="20211025 21:52:46.485" level="INFO">Clicking element 'xpath=//*[@id="Agent_list_table_filter"]/a'.</msg>
<status status="PASS" starttime="20211025 21:52:46.485" endtime="20211025 21:52:46.852"/>
</kw>
<kw name="Sleep" library="BuiltIn">
<arg>1s</arg>
<doc>Pauses the test executed for the given time.</doc>
<msg timestamp="20211025 21:52:47.861" level="INFO">Slept 1 second</msg>
<status status="PASS" starttime="20211025 21:52:46.852" endtime="20211025 21:52:47.861"/>
</kw>
<kw name="Input Text" library="Selenium2Library">
<arg>name=agn_company_name</arg>
<arg>${agn_company_name}</arg>
<doc>Types the given ``text`` into the text field identified by ``locator``.</doc>
<msg timestamp="20211025 21:52:47.862" level="INFO">Typing text 'เ' into text field 'name=agn_company_name'.</msg>
<status status="PASS" starttime="20211025 21:52:47.862" endtime="20211025 21:52:47.947"/>
</kw>
<kw name="Input Text" library="Selenium2Library">
<arg>name=agn_tax</arg>
<arg>${agn_tax}</arg>
<doc>Types the given ``text`` into the text field identified by ``locator``.</doc>
<msg timestamp="20211025 21:52:47.947" level="INFO">Typing text '1234567890123' into text field 'name=agn_tax'.</msg>
<status status="PASS" starttime="20211025 21:52:47.947" endtime="20211025 21:52:48.021"/>
</kw>
<kw name="Input Text" library="Selenium2Library">
<arg>name=agn_address</arg>
<arg>${agn_address}</arg>
<doc>Types the given ``text`` into the text field identified by ``locator``.</doc>
<msg timestamp="20211025 21:52:48.021" level="INFO">Typing text '68/1 ตำบลอ่างศิลา อำเภอเมืองชลบุรี จังหวัดชลบุรี 20000' into text field 'name=agn_address'.</msg>
<status status="PASS" starttime="20211025 21:52:48.021" endtime="20211025 21:52:48.118"/>
</kw>
<kw name="Input Text" library="Selenium2Library">
<arg>name=agn_firstname</arg>
<arg>${agn_firstname}</arg>
<doc>Types the given ``text`` into the text field identified by ``locator``.</doc>
<msg timestamp="20211025 21:52:48.119" level="INFO">Typing text 'อัศวิน' into text field 'name=agn_firstname'.</msg>
<status status="PASS" starttime="20211025 21:52:48.119" endtime="20211025 21:52:48.190"/>
</kw>
<kw name="Input Text" library="Selenium2Library">
<arg>name=agn_lastname</arg>
<arg>${agn_lastname}</arg>
<doc>Types the given ``text`` into the text field identified by ``locator``.</doc>
<msg timestamp="20211025 21:52:48.191" level="INFO">Typing text 'วงศ์สว่าง' into text field 'name=agn_lastname'.</msg>
<status status="PASS" starttime="20211025 21:52:48.190" endtime="20211025 21:52:48.269"/>
</kw>
<kw name="Input Text" library="Selenium2Library">
<arg>name=agn_tel</arg>
<arg>${agn_tel}</arg>
<doc>Types the given ``text`` into the text field identified by ``locator``.</doc>
<msg timestamp="20211025 21:52:48.269" level="INFO">Typing text '0908889888' into text field 'name=agn_tel'.</msg>
<status status="PASS" starttime="20211025 21:52:48.269" endtime="20211025 21:52:48.344"/>
</kw>
<kw name="Input Text" library="Selenium2Library">
<arg>name=agn_email</arg>
<arg>${agn_email}</arg>
<doc>Types the given ``text`` into the text field identified by ``locator``.</doc>
<msg timestamp="20211025 21:52:48.344" level="INFO">Typing text 'asawin@nectec.com' into text field 'name=agn_email'.</msg>
<status status="PASS" starttime="20211025 21:52:48.344" endtime="20211025 21:52:48.426"/>
</kw>
<kw name="Click Button" library="Selenium2Library">
<arg>class=positive</arg>
<doc>Clicks the button identified by ``locator``.</doc>
<msg timestamp="20211025 21:52:48.427" level="INFO">Clicking button 'class=positive'.</msg>
<status status="PASS" starttime="20211025 21:52:48.426" endtime="20211025 21:52:48.920"/>
</kw>
<status status="PASS" starttime="20211025 21:52:46.484" endtime="20211025 21:52:48.920"/>
</kw>
<kw name="Element Text Should Be" library="Selenium2Library">
<arg>xpath=//*[@id="Agent_list_table"]/tbody/tr[1]/td[2]</arg>
<arg>${agn_company_name}</arg>
<doc>Verifies that element ``locator`` contains exact the text ``expected``.</doc>
<msg timestamp="20211025 21:52:48.922" level="INFO">Verifying element 'xpath=//*[@id="Agent_list_table"]/tbody/tr[1]/td[2]' contains exact text 'เ'.</msg>
<status status="PASS" starttime="20211025 21:52:48.921" endtime="20211025 21:52:48.954"/>
</kw>
<kw name="Element Text Should Be" library="Selenium2Library">
<arg>xpath=//*[@id="Agent_list_table"]/tbody/tr[1]/td[3]</arg>
<arg>${agn_firstname_lastname}</arg>
<doc>Verifies that element ``locator`` contains exact the text ``expected``.</doc>
<msg timestamp="20211025 21:52:48.955" level="INFO">Verifying element 'xpath=//*[@id="Agent_list_table"]/tbody/tr[1]/td[3]' contains exact text 'อัศวิน วงศ์สว่าง'.</msg>
<status status="PASS" starttime="20211025 21:52:48.954" endtime="20211025 21:52:48.990"/>
</kw>
<kw name="Element Text Should Be" library="Selenium2Library">
<arg>xpath=//*[@id="Agent_list_table"]/tbody/tr[1]/td[4]</arg>
<arg>0</arg>
<doc>Verifies that element ``locator`` contains exact the text ``expected``.</doc>
<msg timestamp="20211025 21:52:48.991" level="INFO">Verifying element 'xpath=//*[@id="Agent_list_table"]/tbody/tr[1]/td[4]' contains exact text '0'.</msg>
<status status="PASS" starttime="20211025 21:52:48.990" endtime="20211025 21:52:49.013"/>
</kw>
<kw name="Element Text Should Be" library="Selenium2Library">
<arg>xpath=//*[@id="Agent_list_table"]/tbody/tr[1]/td[5]</arg>
<arg>${agn_tel_format}</arg>
<doc>Verifies that element ``locator`` contains exact the text ``expected``.</doc>
<msg timestamp="20211025 21:52:49.014" level="INFO">Verifying element 'xpath=//*[@id="Agent_list_table"]/tbody/tr[1]/td[5]' contains exact text '090-888-9888'.</msg>
<status status="PASS" starttime="20211025 21:52:49.013" endtime="20211025 21:52:49.035"/>
</kw>
<kw name="Element Text Should Be" library="Selenium2Library">
<arg>xpath=//*[@id="Agent_list_table"]/tbody/tr[1]/td[6]</arg>
<arg>${agn_email}</arg>
<doc>Verifies that element ``locator`` contains exact the text ``expected``.</doc>
<msg timestamp="20211025 21:52:49.036" level="INFO">Verifying element 'xpath=//*[@id="Agent_list_table"]/tbody/tr[1]/td[6]' contains exact text 'asawin@nectec.com'.</msg>
<status status="PASS" starttime="20211025 21:52:49.035" endtime="20211025 21:52:49.056"/>
</kw>
<kw name="Sleep" library="BuiltIn">
<arg>1s</arg>
<doc>Pauses the test executed for the given time.</doc>
<msg timestamp="20211025 21:52:50.069" level="INFO">Slept 1 second</msg>
<status status="PASS" starttime="20211025 21:52:49.056" endtime="20211025 21:52:50.069"/>
</kw>
<status status="PASS" starttime="20211025 21:52:40.085" endtime="20211025 21:52:50.070"/>
</test>
<status status="PASS" starttime="20211025 21:52:39.881" endtime="20211025 21:52:50.071"/>
</suite>
<statistics>
<total>
<stat pass="1" fail="0" skip="0">All Tests</stat>
</total>
<tag>
</tag>
<suite>
<stat pass="1" fail="0" skip="0" id="s1" name="CDMS-04-03-03">CDMS-04-03-03</stat>
</suite>
</statistics>
<errors>
</errors>
</robot>
