<?xml version="1.0" encoding="UTF-8"?>
<robot generator="Robot 4.1.1 (Python 3.9.7 on win32)" generated="20211031 21:22:21.335" rpa="false" schemaversion="2">
<suite id="s1" name="CDMS-04-03-25" source="C:\Users\pee20\OneDrive\เดสก์ท็อป\โฟลเดอร์ใหม่ (3)\Automated\CDMS-04-03-25.robot">
<test id="s1-t1" name="Case CDMS-04-03-25">
<kw name="Open Browser" library="Selenium2Library">
<arg>http://localhost/code_team4/public/Agent_show/agent_show_ajax</arg>
<arg>chrome</arg>
<doc>Opens a new browser instance to the optional ``url``.</doc>
<msg timestamp="20211031 21:22:21.538" level="INFO">Opening browser 'chrome' to base url 'http://localhost/code_team4/public/Agent_show/agent_show_ajax'.</msg>
<status status="PASS" starttime="20211031 21:22:21.538" endtime="20211031 21:22:26.910"/>
</kw>
<kw name="Sleep" library="BuiltIn">
<arg>1s</arg>
<doc>Pauses the test executed for the given time.</doc>
<msg timestamp="20211031 21:22:27.923" level="INFO">Slept 1 second</msg>
<status status="PASS" starttime="20211031 21:22:26.911" endtime="20211031 21:22:27.923"/>
</kw>
<kw name="add_agent_agn_firstname_length_255">
<kw name="Click Element" library="Selenium2Library">
<arg>xpath=//*[@id="Agent_list_table_filter"]/a</arg>
<doc>Click the element identified by ``locator``.</doc>
<msg timestamp="20211031 21:22:27.924" level="INFO">Clicking element 'xpath=//*[@id="Agent_list_table_filter"]/a'.</msg>
<status status="PASS" starttime="20211031 21:22:27.924" endtime="20211031 21:22:28.318"/>
</kw>
<kw name="Sleep" library="BuiltIn">
<arg>1s</arg>
<doc>Pauses the test executed for the given time.</doc>
<msg timestamp="20211031 21:22:29.329" level="INFO">Slept 1 second</msg>
<status status="PASS" starttime="20211031 21:22:28.318" endtime="20211031 21:22:29.329"/>
</kw>
<kw name="Input Text" library="Selenium2Library">
<arg>name=agn_company_name</arg>
<arg>${agn_company_name}</arg>
<doc>Types the given ``text`` into the text field identified by ``locator``.</doc>
<msg timestamp="20211031 21:22:29.329" level="INFO">Typing text 'ร่ำรวย จำกัด10' into text field 'name=agn_company_name'.</msg>
<status status="PASS" starttime="20211031 21:22:29.329" endtime="20211031 21:22:29.422"/>
</kw>
<kw name="Input Text" library="Selenium2Library">
<arg>name=agn_tax</arg>
<arg>${agn_tax}</arg>
<doc>Types the given ``text`` into the text field identified by ``locator``.</doc>
<msg timestamp="20211031 21:22:29.422" level="INFO">Typing text '1234567890123' into text field 'name=agn_tax'.</msg>
<status status="PASS" starttime="20211031 21:22:29.422" endtime="20211031 21:22:29.516"/>
</kw>
<kw name="Input Text" library="Selenium2Library">
<arg>name=agn_address</arg>
<arg>${agn_address}</arg>
<doc>Types the given ``text`` into the text field identified by ``locator``.</doc>
<msg timestamp="20211031 21:22:29.517" level="INFO">Typing text '111/1 ต.แสนสุข อ.เมืองชลบุรี จ.ชลบุรี' into text field 'name=agn_address'.</msg>
<status status="PASS" starttime="20211031 21:22:29.516" endtime="20211031 21:22:29.627"/>
</kw>
<kw name="Input Text" library="Selenium2Library">
<arg>name=agn_firstname</arg>
<arg>${agn_firstname}</arg>
<doc>Types the given ``text`` into the text field identified by ``locator``.</doc>
<msg timestamp="20211031 21:22:29.628" level="INFO">Typing text 'A wonderful serenity has taken possession of my entire soul, like these sweet mornings of spring which I enjoy with my whole heart. I am alone, and feel the charm of existence in this spot, which was created for the bliss of souls like mine. I am so happy' into text field 'name=agn_firstname'.</msg>
<status status="PASS" starttime="20211031 21:22:29.627" endtime="20211031 21:22:29.916"/>
</kw>
<kw name="Input Text" library="Selenium2Library">
<arg>name=agn_lastname</arg>
<arg>${agn_lastname}</arg>
<doc>Types the given ``text`` into the text field identified by ``locator``.</doc>
<msg timestamp="20211031 21:22:29.916" level="INFO">Typing text 'หมั่นเพียร' into text field 'name=agn_lastname'.</msg>
<status status="PASS" starttime="20211031 21:22:29.916" endtime="20211031 21:22:29.991"/>
</kw>
<kw name="Input Text" library="Selenium2Library">
<arg>name=agn_tel</arg>
<arg>${agn_tel}</arg>
<doc>Types the given ``text`` into the text field identified by ``locator``.</doc>
<msg timestamp="20211031 21:22:29.991" level="INFO">Typing text '0812345678' into text field 'name=agn_tel'.</msg>
<status status="PASS" starttime="20211031 21:22:29.991" endtime="20211031 21:22:30.079"/>
</kw>
<kw name="Input Text" library="Selenium2Library">
<arg>name=agn_email</arg>
<arg>${agn_email}</arg>
<doc>Types the given ``text`` into the text field identified by ``locator``.</doc>
<msg timestamp="20211031 21:22:30.080" level="INFO">Typing text 'kayan@gmail.com' into text field 'name=agn_email'.</msg>
<status status="PASS" starttime="20211031 21:22:30.079" endtime="20211031 21:22:30.206"/>
</kw>
<kw name="Click Button" library="Selenium2Library">
<arg>class=positive</arg>
<doc>Clicks the button identified by ``locator``.</doc>
<msg timestamp="20211031 21:22:30.206" level="INFO">Clicking button 'class=positive'.</msg>
<status status="PASS" starttime="20211031 21:22:30.206" endtime="20211031 21:22:31.181"/>
</kw>
<status status="PASS" starttime="20211031 21:22:27.924" endtime="20211031 21:22:31.181"/>
</kw>
<kw name="Element Text Should Be" library="Selenium2Library">
<arg>xpath=//*[@id="Agent_list_table"]/tbody/tr[1]/td[2]</arg>
<arg>${agn_company_name}</arg>
<doc>Verifies that element ``locator`` contains exact the text ``expected``.</doc>
<msg timestamp="20211031 21:22:31.182" level="INFO">Verifying element 'xpath=//*[@id="Agent_list_table"]/tbody/tr[1]/td[2]' contains exact text 'ร่ำรวย จำกัด10'.</msg>
<status status="PASS" starttime="20211031 21:22:31.182" endtime="20211031 21:22:31.216"/>
</kw>
<kw name="Element Text Should Be" library="Selenium2Library">
<arg>xpath=//*[@id="Agent_list_table"]/tbody/tr[1]/td[3]</arg>
<arg>${agn_firstname_lastname}</arg>
<doc>Verifies that element ``locator`` contains exact the text ``expected``.</doc>
<msg timestamp="20211031 21:22:31.217" level="INFO">Verifying element 'xpath=//*[@id="Agent_list_table"]/tbody/tr[1]/td[3]' contains exact text 'A wonderful serenity has taken possession of my entire soul, like these sweet mornings of spring which I enjoy with my whole heart. I am alone, and feel the charm of existence in this spot, which was created for the bliss of souls like mine. I am so happy หมั่นเพียร'.</msg>
<status status="PASS" starttime="20211031 21:22:31.217" endtime="20211031 21:22:31.248"/>
</kw>
<kw name="Element Text Should Be" library="Selenium2Library">
<arg>xpath=//*[@id="Agent_list_table"]/tbody/tr[1]/td[4]</arg>
<arg>0</arg>
<doc>Verifies that element ``locator`` contains exact the text ``expected``.</doc>
<msg timestamp="20211031 21:22:31.248" level="INFO">Verifying element 'xpath=//*[@id="Agent_list_table"]/tbody/tr[1]/td[4]' contains exact text '0'.</msg>
<status status="PASS" starttime="20211031 21:22:31.248" endtime="20211031 21:22:31.278"/>
</kw>
<kw name="Element Text Should Be" library="Selenium2Library">
<arg>xpath=//*[@id="Agent_list_table"]/tbody/tr[1]/td[5]</arg>
<arg>${agn_tel_format}</arg>
<doc>Verifies that element ``locator`` contains exact the text ``expected``.</doc>
<msg timestamp="20211031 21:22:31.279" level="INFO">Verifying element 'xpath=//*[@id="Agent_list_table"]/tbody/tr[1]/td[5]' contains exact text '081-234-5678'.</msg>
<status status="PASS" starttime="20211031 21:22:31.279" endtime="20211031 21:22:31.305"/>
</kw>
<kw name="Element Text Should Be" library="Selenium2Library">
<arg>xpath=//*[@id="Agent_list_table"]/tbody/tr[1]/td[6]</arg>
<arg>${agn_email}</arg>
<doc>Verifies that element ``locator`` contains exact the text ``expected``.</doc>
<msg timestamp="20211031 21:22:31.306" level="INFO">Verifying element 'xpath=//*[@id="Agent_list_table"]/tbody/tr[1]/td[6]' contains exact text 'kayan@gmail.com'.</msg>
<status status="PASS" starttime="20211031 21:22:31.306" endtime="20211031 21:22:31.330"/>
</kw>
<kw name="Sleep" library="BuiltIn">
<arg>1s</arg>
<doc>Pauses the test executed for the given time.</doc>
<msg timestamp="20211031 21:22:32.336" level="INFO">Slept 1 second</msg>
<status status="PASS" starttime="20211031 21:22:31.331" endtime="20211031 21:22:32.336"/>
</kw>
<status status="PASS" starttime="20211031 21:22:21.537" endtime="20211031 21:22:32.337"/>
</test>
<status status="PASS" starttime="20211031 21:22:21.336" endtime="20211031 21:22:32.338"/>
</suite>
<statistics>
<total>
<stat pass="1" fail="0" skip="0">All Tests</stat>
</total>
<tag>
</tag>
<suite>
<stat pass="1" fail="0" skip="0" id="s1" name="CDMS-04-03-25">CDMS-04-03-25</stat>
</suite>
</statistics>
<errors>
</errors>
</robot>
